<?xml version="1.0" encoding="UTF-8"?>
<coverage generated="1605562599507" clover="3.2.0">
  <project timestamp="1605562599507" name="All files">
    <metrics statements="25" coveredstatements="25" conditionals="10" coveredconditionals="6" methods="12" coveredmethods="11" elements="47" coveredelements="42" complexity="0" loc="25" ncloc="25" packages="1" files="5" classes="5"/>
    <file name="App.js" path="/Users/vinaygoudkolichelimi/Desktop/west-elm-home-product/src/components/App.js">
      <metrics statements="7" coveredstatements="7" conditionals="0" coveredconditionals="0" methods="4" coveredmethods="4"/>
      <line num="6" count="1" type="stmt"/>
      <line num="7" count="3" type="stmt"/>
      <line num="8" count="3" type="stmt"/>
      <line num="9" count="1" type="stmt"/>
      <line num="11" count="1" type="stmt"/>
      <line num="14" count="1" type="stmt"/>
      <line num="17" count="3" type="stmt"/>
    </file>
    <file name="CarouselContainer.js" path="/Users/vinaygoudkolichelimi/Desktop/west-elm-home-product/src/components/CarouselContainer.js">
      <metrics statements="2" coveredstatements="2" conditionals="2" coveredconditionals="1" methods="1" coveredmethods="1"/>
      <line num="4" count="4" type="stmt"/>
      <line num="5" count="1" type="cond" truecount="1" falsecount="1"/>
    </file>
    <file name="CarouselImage.js" path="/Users/vinaygoudkolichelimi/Desktop/west-elm-home-product/src/components/CarouselImage.js">
      <metrics statements="3" coveredstatements="3" conditionals="0" coveredconditionals="0" methods="2" coveredmethods="2"/>
      <line num="3" count="5" type="stmt"/>
      <line num="4" count="1" type="stmt"/>
      <line num="7" count="1" type="stmt"/>
    </file>
    <file name="HomeProduct.js" path="/Users/vinaygoudkolichelimi/Desktop/west-elm-home-product/src/components/HomeProduct.js">
      <metrics statements="7" coveredstatements="7" conditionals="0" coveredconditionals="0" methods="3" coveredmethods="2"/>
      <line num="4" count="3" type="stmt"/>
      <line num="5" count="2" type="stmt"/>
      <line num="6" count="2" type="stmt"/>
      <line num="7" count="2" type="stmt"/>
      <line num="10" count="2" type="stmt"/>
      <line num="11" count="2" type="stmt"/>
      <line num="12" count="2" type="stmt"/>
    </file>
    <file name="HomeProducts.js" path="/Users/vinaygoudkolichelimi/Desktop/west-elm-home-product/src/components/HomeProducts.js">
      <metrics statements="6" coveredstatements="6" conditionals="8" coveredconditionals="5" methods="2" coveredmethods="2"/>
      <line num="4" count="2" type="stmt"/>
      <line num="5" count="1" type="cond" truecount="1" falsecount="1"/>
      <line num="6" count="1" type="stmt"/>
      <line num="7" count="1" type="cond" truecount="2" falsecount="1"/>
      <line num="8" count="1" type="cond" truecount="2" falsecount="1"/>
      <line num="9" count="1" type="stmt"/>
    </file>
  </project>
</coverage>
