{"/Users/vinaygoudkolichelimi/Desktop/west-elm-home-product/src/components/App.js": {"path":"/Users/vinaygoudkolichelimi/Desktop/west-elm-home-product/src/components/App.js","statementMap":{"0":{"start":{"line":6,"column":12},"end":{"line":29,"column":1}},"1":{"start":{"line":7,"column":42},"end":{"line":7,"column":54}},"2":{"start":{"line":8,"column":4},"end":{"line":16,"column":25}},"3":{"start":{"line":9,"column":6},"end":{"line":15,"column":10}},"4":{"start":{"line":11,"column":10},"end":{"line":11,"column":26}},"5":{"start":{"line":14,"column":10},"end":{"line":14,"column":31}},"6":{"start":{"line":17,"column":4},"end":{"line":28,"column":5}}},"fnMap":{"0":{"name":"(anonymous_0)","decl":{"start":{"line":6,"column":12},"end":{"line":6,"column":13}},"loc":{"start":{"line":6,"column":18},"end":{"line":29,"column":1}},"line":6},"1":{"name":"(anonymous_1)","decl":{"start":{"line":8,"column":14},"end":{"line":8,"column":15}},"loc":{"start":{"line":8,"column":20},"end":{"line":16,"column":5}},"line":8},"2":{"name":"(anonymous_2)","decl":{"start":{"line":10,"column":12},"end":{"line":10,"column":13}},"loc":{"start":{"line":10,"column":24},"end":{"line":12,"column":9}},"line":10},"3":{"name":"(anonymous_3)","decl":{"start":{"line":13,"column":12},"end":{"line":13,"column":13}},"loc":{"start":{"line":13,"column":20},"end":{"line":15,"column":9}},"line":13}},"branchMap":{},"s":{"0":1,"1":3,"2":3,"3":1,"4":1,"5":1,"6":3},"f":{"0":3,"1":1,"2":1,"3":1},"b":{},"_coverageSchema":"43e27e138ebf9cfc5966b082cf9a028302ed4184","hash":"c440b54843a0e541eadd323f85346047b373aac1"}
,"/Users/vinaygoudkolichelimi/Desktop/west-elm-home-product/src/components/CarouselContainer.js": {"path":"/Users/vinaygoudkolichelimi/Desktop/west-elm-home-product/src/components/CarouselContainer.js","statementMap":{"0":{"start":{"line":4,"column":26},"end":{"line":13,"column":1}},"1":{"start":{"line":5,"column":2},"end":{"line":12,"column":10}}},"fnMap":{"0":{"name":"(anonymous_0)","decl":{"start":{"line":4,"column":26},"end":{"line":4,"column":27}},"loc":{"start":{"line":4,"column":63},"end":{"line":13,"column":1}},"line":4}},"branchMap":{"0":{"loc":{"start":{"line":5,"column":9},"end":{"line":12,"column":10}},"type":"cond-expr","locations":[{"start":{"line":6,"column":4},"end":{"line":11,"column":12}},{"start":{"line":12,"column":6},"end":{"line":12,"column":10}}],"line":5}},"s":{"0":4,"1":1},"f":{"0":1},"b":{"0":[0,1]},"_coverageSchema":"43e27e138ebf9cfc5966b082cf9a028302ed4184","hash":"6f3b7d160b3246f212f87c2da7caf8021c8767c1"}
,"/Users/vinaygoudkolichelimi/Desktop/west-elm-home-product/src/components/CarouselImage.js": {"path":"/Users/vinaygoudkolichelimi/Desktop/west-elm-home-product/src/components/CarouselImage.js","statementMap":{"0":{"start":{"line":3,"column":22},"end":{"line":20,"column":1}},"1":{"start":{"line":4,"column":2},"end":{"line":19,"column":3}},"2":{"start":{"line":7,"column":8},"end":{"line":16,"column":9}}},"fnMap":{"0":{"name":"(anonymous_0)","decl":{"start":{"line":3,"column":22},"end":{"line":3,"column":23}},"loc":{"start":{"line":3,"column":36},"end":{"line":20,"column":1}},"line":3},"1":{"name":"(anonymous_1)","decl":{"start":{"line":6,"column":18},"end":{"line":6,"column":19}},"loc":{"start":{"line":6,"column":36},"end":{"line":17,"column":7}},"line":6}},"branchMap":{},"s":{"0":5,"1":1,"2":1},"f":{"0":1,"1":1},"b":{},"_coverageSchema":"43e27e138ebf9cfc5966b082cf9a028302ed4184","hash":"545f41572a2969205af460da8273056d2aff57dd"}
,"/Users/vinaygoudkolichelimi/Desktop/west-elm-home-product/src/components/HomeProduct.js": {"path":"/Users/vinaygoudkolichelimi/Desktop/west-elm-home-product/src/components/HomeProduct.js","statementMap":{"0":{"start":{"line":4,"column":20},"end":{"line":21,"column":1}},"1":{"start":{"line":5,"column":36},"end":{"line":5,"column":51}},"2":{"start":{"line":6,"column":65},"end":{"line":6,"column":70}},"3":{"start":{"line":7,"column":15},"end":{"line":9,"column":5}},"4":{"start":{"line":10,"column":21},"end":{"line":10,"column":46}},"5":{"start":{"line":10,"column":27},"end":{"line":10,"column":46}},"6":{"start":{"line":11,"column":20},"end":{"line":11,"column":44}},"7":{"start":{"line":11,"column":26},"end":{"line":11,"column":44}},"8":{"start":{"line":12,"column":4},"end":{"line":20,"column":6}}},"fnMap":{"0":{"name":"(anonymous_0)","decl":{"start":{"line":4,"column":20},"end":{"line":4,"column":21}},"loc":{"start":{"line":4,"column":31},"end":{"line":21,"column":1}},"line":4},"1":{"name":"(anonymous_1)","decl":{"start":{"line":10,"column":21},"end":{"line":10,"column":22}},"loc":{"start":{"line":10,"column":27},"end":{"line":10,"column":46}},"line":10},"2":{"name":"(anonymous_2)","decl":{"start":{"line":11,"column":20},"end":{"line":11,"column":21}},"loc":{"start":{"line":11,"column":26},"end":{"line":11,"column":44}},"line":11}},"branchMap":{},"s":{"0":3,"1":2,"2":2,"3":2,"4":2,"5":0,"6":2,"7":1,"8":2},"f":{"0":2,"1":0,"2":1},"b":{},"_coverageSchema":"43e27e138ebf9cfc5966b082cf9a028302ed4184","hash":"bff2401bab5abf4d1398197b6fe20e949e85a0d9"}
,"/Users/vinaygoudkolichelimi/Desktop/west-elm-home-product/src/components/HomeProducts.js": {"path":"/Users/vinaygoudkolichelimi/Desktop/west-elm-home-product/src/components/HomeProducts.js","statementMap":{"0":{"start":{"line":4,"column":21},"end":{"line":22,"column":1}},"1":{"start":{"line":5,"column":2},"end":{"line":21,"column":11}},"2":{"start":{"line":6,"column":35},"end":{"line":6,"column":42}},"3":{"start":{"line":7,"column":27},"end":{"line":7,"column":106}},"4":{"start":{"line":8,"column":27},"end":{"line":8,"column":107}},"5":{"start":{"line":9,"column":4},"end":{"line":20,"column":5}}},"fnMap":{"0":{"name":"(anonymous_0)","decl":{"start":{"line":4,"column":21},"end":{"line":4,"column":22}},"loc":{"start":{"line":4,"column":32},"end":{"line":22,"column":1}},"line":4},"1":{"name":"(anonymous_1)","decl":{"start":{"line":5,"column":45},"end":{"line":5,"column":46}},"loc":{"start":{"line":5,"column":65},"end":{"line":21,"column":3}},"line":5}},"branchMap":{"0":{"loc":{"start":{"line":5,"column":9},"end":{"line":21,"column":11}},"type":"cond-expr","locations":[{"start":{"line":5,"column":26},"end":{"line":21,"column":4}},{"start":{"line":21,"column":7},"end":{"line":21,"column":11}}],"line":5},"1":{"loc":{"start":{"line":7,"column":27},"end":{"line":7,"column":106}},"type":"binary-expr","locations":[{"start":{"line":7,"column":28},"end":{"line":7,"column":46}},{"start":{"line":7,"column":50},"end":{"line":7,"column":80}},{"start":{"line":7,"column":85},"end":{"line":7,"column":106}}],"line":7},"2":{"loc":{"start":{"line":8,"column":27},"end":{"line":8,"column":107}},"type":"binary-expr","locations":[{"start":{"line":8,"column":28},"end":{"line":8,"column":46}},{"start":{"line":8,"column":50},"end":{"line":8,"column":81}},{"start":{"line":8,"column":86},"end":{"line":8,"column":107}}],"line":8}},"s":{"0":2,"1":1,"2":1,"3":1,"4":1,"5":1},"f":{"0":1,"1":1},"b":{"0":[1,0],"1":[1,1,0],"2":[1,1,0]},"_coverageSchema":"43e27e138ebf9cfc5966b082cf9a028302ed4184","hash":"27e662ba261f223d8b3c0603e03a3d3d88ad4982"}
}
